<?xml version="1.0" encoding="utf-8"?><testsuites name="pytest tests"><testsuite name="pytest" errors="0" failures="0" skipped="4" tests="32" time="8.579" timestamp="2026-02-09T17:29:32.902869+00:00" hostname="agent-env-60fec39c-ca72-47d3-905c-9f56815b4e31"><testcase classname="backend.tests.test_dealcentric_api.TestHealthAndInit" name="test_api_root" time="0.112" /><testcase classname="backend.tests.test_dealcentric_api.TestHealthAndInit" name="test_init_admin" time="0.049" /><testcase classname="backend.tests.test_dealcentric_api.TestAuthentication" name="test_admin_login" time="0.273" /><testcase classname="backend.tests.test_dealcentric_api.TestAuthentication" name="test_sales_agent_login" time="0.267" /><testcase classname="backend.tests.test_dealcentric_api.TestAuthentication" name="test_project_manager_login" time="0.265" /><testcase classname="backend.tests.test_dealcentric_api.TestAuthentication" name="test_client_login" time="0.266" /><testcase classname="backend.tests.test_dealcentric_api.TestAuthentication" name="test_supervisor_login" time="0.305" /><testcase classname="backend.tests.test_dealcentric_api.TestAuthentication" name="test_fabricator_login" time="0.267" /><testcase classname="backend.tests.test_dealcentric_api.TestAuthentication" name="test_partner_login" time="0.276" /><testcase classname="backend.tests.test_dealcentric_api.TestAuthentication" name="test_invalid_login" time="0.041" /><testcase classname="backend.tests.test_dealcentric_api.TestAuthentication" name="test_auth_me" time="1.932" /><testcase classname="backend.tests.test_dealcentric_api.TestUserManagement" name="test_get_users" time="0.300" /><testcase classname="backend.tests.test_dealcentric_api.TestUserManagement" name="test_get_users_by_role" time="0.039" /><testcase classname="backend.tests.test_dealcentric_api.TestDealManagement" name="test_create_deal_as_admin" time="0.335" /><testcase classname="backend.tests.test_dealcentric_api.TestDealManagement" name="test_create_deal_as_agent" time="0.329" /><testcase classname="backend.tests.test_dealcentric_api.TestDealManagement" name="test_get_deals" time="0.039" /><testcase classname="backend.tests.test_dealcentric_api.TestDealManagement" name="test_get_deals_by_stage" time="0.040" /><testcase classname="backend.tests.test_dealcentric_api.TestDealManagement" name="test_update_deal_stage" time="0.338" /><testcase classname="backend.tests.test_dealcentric_api.TestMessaging" name="test_create_message" time="0.350" /><testcase classname="backend.tests.test_dealcentric_api.TestMessaging" name="test_get_messages" time="0.042" /><testcase classname="backend.tests.test_dealcentric_api.TestDashboard" name="test_admin_dashboard_stats" time="0.314" /><testcase classname="backend.tests.test_dealcentric_api.TestDashboard" name="test_agent_dashboard_stats" time="0.295" /><testcase classname="backend.tests.test_dealcentric_api.TestDashboard" name="test_pipeline" time="0.045" /><testcase classname="backend.tests.test_dealcentric_api.TestDashboard" name="test_recent_activity" time="0.042" /><testcase classname="backend.tests.test_dealcentric_api.TestTasks" name="test_create_task" time="0.303"><skipped type="pytest.skip" message="No deals available">/app/backend/tests/test_dealcentric_api.py:415: No deals available</skipped></testcase><testcase classname="backend.tests.test_dealcentric_api.TestTasks" name="test_get_tasks" time="0.000"><skipped type="pytest.skip" message="No deals available">/app/backend/tests/test_dealcentric_api.py:434: No deals available</skipped></testcase><testcase classname="backend.tests.test_dealcentric_api.TestQuotations" name="test_create_quotation" time="0.299"><skipped type="pytest.skip" message="No deals available">/app/backend/tests/test_dealcentric_api.py:465: No deals available</skipped></testcase><testcase classname="backend.tests.test_dealcentric_api.TestQuotations" name="test_get_quotations" time="0.000"><skipped type="pytest.skip" message="No deals available">/app/backend/tests/test_dealcentric_api.py:486: No deals available</skipped></testcase><testcase classname="backend.tests.test_dealcentric_api.TestCommissions" name="test_get_commissions" time="0.297" /><testcase classname="backend.tests.test_dealcentric_api.TestDocuments" name="test_get_documents" time="0.299" /><testcase classname="backend.tests.test_dealcentric_api.TestRoleBasedAccess" name="test_client_cannot_access_users" time="0.300" /><testcase classname="backend.tests.test_dealcentric_api.TestRoleBasedAccess" name="test_fabricator_dashboard_stats" time="0.305" /></testsuite></testsuites>